!SESSION 2017-11-01 17:24:44.775 -----------------------------------------------
eclipse.buildId=4.7.0.I20170612-0950
java.version=1.8.0_66
java.vendor=Oracle Corporation
BootLoader constants: OS=win32, ARCH=x86_64, WS=win32, NL=en_US
Framework arguments:  -product org.eclipse.epp.package.jee.product
Command-line arguments:  -os win32 -ws win32 -arch x86_64 -product org.eclipse.epp.package.jee.product

!ENTRY org.eclipse.osgi 4 0 2017-11-01 17:25:54.429
!MESSAGE Application error
!STACK 1
org.eclipse.swt.SWTError: No more handles
	at org.eclipse.swt.SWT.error(SWT.java:4559)
	at org.eclipse.swt.SWT.error(SWT.java:4448)
	at org.eclipse.swt.SWT.error(SWT.java:4419)
	at org.eclipse.swt.widgets.Widget.error(Widget.java:482)
	at org.eclipse.swt.widgets.Control.createHandle(Control.java:718)
	at org.eclipse.swt.widgets.Composite.createHandle(Composite.java:292)
	at org.eclipse.swt.widgets.Decorations.createHandle(Decorations.java:430)
	at org.eclipse.swt.widgets.Shell.createHandle(Shell.java:593)
	at org.eclipse.swt.widgets.Control.createWidget(Control.java:758)
	at org.eclipse.swt.widgets.Scrollable.createWidget(Scrollable.java:151)
	at org.eclipse.swt.widgets.Decorations.createWidget(Decorations.java:439)
	at org.eclipse.swt.widgets.Shell.<init>(Shell.java:300)
	at org.eclipse.swt.widgets.Shell.<init>(Shell.java:379)
	at org.eclipse.jface.window.Window.createShell(Window.java:482)
	at org.eclipse.jface.window.Window.create(Window.java:425)
	at org.eclipse.jface.dialogs.Dialog.create(Dialog.java:1096)
	at org.eclipse.jface.window.Window.open(Window.java:783)
	at org.eclipse.jface.dialogs.MessageDialog.open(MessageDialog.java:396)
	at org.eclipse.ui.internal.ide.application.IDEApplication.checkInstanceLocation(IDEApplication.java:325)
	at org.eclipse.ui.internal.ide.application.IDEApplication.start(IDEApplication.java:141)
	at org.eclipse.equinox.internal.app.EclipseAppHandle.run(EclipseAppHandle.java:196)
	at org.eclipse.core.runtime.internal.adaptor.EclipseAppLauncher.runApplication(EclipseAppLauncher.java:134)
	at org.eclipse.core.runtime.internal.adaptor.EclipseAppLauncher.start(EclipseAppLauncher.java:104)
	at org.eclipse.core.runtime.adaptor.EclipseStarter.run(EclipseStarter.java:388)
	at org.eclipse.core.runtime.adaptor.EclipseStarter.run(EclipseStarter.java:243)
	at sun.reflect.NativeMethodAccessorImpl.invoke0(Native Method)
	at sun.reflect.NativeMethodAccessorImpl.invoke(Unknown Source)
	at sun.reflect.DelegatingMethodAccessorImpl.invoke(Unknown Source)
	at java.lang.reflect.Method.invoke(Unknown Source)
	at org.eclipse.equinox.launcher.Main.invokeFramework(Main.java:653)
	at org.eclipse.equinox.launcher.Main.basicRun(Main.java:590)
	at org.eclipse.equinox.launcher.Main.run(Main.java:1499)
